<?xml version="1.0" encoding="UTF-8"?>
<!-- Generated by org.testng.reporters.JUnitXMLReporter -->
<testsuite hostname="DELL-PC" name="Test" tests="5" failures="0" timestamp="9 Dec 2017 07:47:01 GMT" time="52.283" errors="0">
  <testcase name="Login_invalidLogin" time="3.867" classname="Scripts.Scenario_Login"/>
  <testcase name="Login_invalidLogin" time="4.804" classname="Scripts.Scenario_Login"/>
  <testcase name="Login_validLogin" time="3.543" classname="Scripts.Scenario_Login"/>
  <testcase name="Search_invalidSearch" time="0.823" classname="Scripts.Scenario_Search"/>
  <testcase name="Search_validSearch" time="1.55" classname="Scripts.Scenario_Search"/>
</testsuite> <!-- Test -->
