<?xml version="1.0" encoding="UTF-8"?>
<!-- Generated by org.testng.reporters.JUnitXMLReporter -->
<testsuite hostname="DELL-PC" name="Default test" tests="4" failures="0" timestamp="9 Dec 2017 05:10:34 GMT" time="45.702" errors="0">
  <testcase name="Search_invalidSearch" time="2.192" classname="Scripts.Scenario_Search"/>
  <testcase name="Search_validSearch" time="3.143" classname="Scripts.Scenario_Search"/>
  <testcase name="Search_validSearch" time="3.016" classname="Scripts.Scenario_Search"/>
  <testcase name="Search_validSearch" time="3.981" classname="Scripts.Scenario_Search"/>
</testsuite> <!-- Default test -->
