<?xml version="1.0" encoding="UTF-8"?>
<!-- Generated by org.testng.reporters.JUnitXMLReporter -->
<testsuite hostname="DELL-PC" name="Chrome" tests="5" failures="0" timestamp="9 Dec 2017 06:16:36 GMT" time="51.976" errors="0">
  <testcase name="Login_invalidLogin" time="4.28" classname="Scripts.Scenario_Login"/>
  <testcase name="Login_invalidLogin" time="3.655" classname="Scripts.Scenario_Login"/>
  <testcase name="Login_validLogin" time="4.899" classname="Scripts.Scenario_Login"/>
  <testcase name="Search_invalidSearch" time="0.815" classname="Scripts.Scenario_Search"/>
  <testcase name="Search_validSearch" time="1.819" classname="Scripts.Scenario_Search"/>
</testsuite> <!-- Chrome -->
