<?xml version="1.0" encoding="UTF-8"?>
<!-- Generated by org.testng.reporters.JUnitXMLReporter -->
<testsuite hostname="DELL-PC" name="FireFox" tests="5" failures="0" timestamp="9 Dec 2017 06:17:28 GMT" time="52.179" errors="0">
  <testcase name="Login_invalidLogin" time="4.22" classname="Scripts.Scenario_Login"/>
  <testcase name="Login_invalidLogin" time="3.278" classname="Scripts.Scenario_Login"/>
  <testcase name="Login_validLogin" time="4.474" classname="Scripts.Scenario_Login"/>
  <testcase name="Search_invalidSearch" time="1.592" classname="Scripts.Scenario_Search"/>
  <testcase name="Search_validSearch" time="2.06" classname="Scripts.Scenario_Search"/>
</testsuite> <!-- FireFox -->
