<?xml version="1.0" encoding="UTF-8"?>
<testng-results skipped="0" failed="0" total="5" passed="5">
  <reporter-output>
  </reporter-output>
  <suite name="Suite" duration-ms="52283" started-at="2017-12-09T07:46:09Z" finished-at="2017-12-09T07:47:01Z">
    <groups>
      <group name="qa">
        <method signature="Scenario_Login.Login_validLogin(java.util.Map)[pri:0, instance:Scripts.Scenario_Login@a12c19]" name="Login_validLogin" class="Scripts.Scenario_Login"/>
        <method signature="Scenario_Search.Search_validSearch(java.util.Map)[pri:0, instance:Scripts.Scenario_Search@24a67]" name="Search_validSearch" class="Scripts.Scenario_Search"/>
      </group> <!-- qa -->
      <group name="prod">
        <method signature="Scenario_Login.Login_invalidLogin(java.util.Map)[pri:0, instance:Scripts.Scenario_Login@a12c19]" name="Login_invalidLogin" class="Scripts.Scenario_Login"/>
      </group> <!-- prod -->
      <group name="dev">
        <method signature="Scenario_Login.Login_invalidLogin(java.util.Map)[pri:0, instance:Scripts.Scenario_Login@a12c19]" name="Login_invalidLogin" class="Scripts.Scenario_Login"/>
        <method signature="Scenario_Login.Login_validLogin(java.util.Map)[pri:0, instance:Scripts.Scenario_Login@a12c19]" name="Login_validLogin" class="Scripts.Scenario_Login"/>
        <method signature="Scenario_Search.Search_invalidSearch(java.util.Map)[pri:0, instance:Scripts.Scenario_Search@24a67]" name="Search_invalidSearch" class="Scripts.Scenario_Search"/>
      </group> <!-- dev -->
    </groups>
    <test name="Test" duration-ms="52283" started-at="2017-12-09T07:46:09Z" finished-at="2017-12-09T07:47:01Z">
      <class name="Scripts.Scenario_Search">
        <test-method status="PASS" signature="launchApp(java.lang.String)[pri:0, instance:Scripts.Scenario_Search@24a67]" name="launchApp" is-config="true" duration-ms="5444" started-at="2017-12-09T13:16:47Z" finished-at="2017-12-09T13:16:52Z">
          <params>
            <param index="0">
              <value>
                <![CDATA[ch]]>
              </value>
            </param>
          </params>
          <reporter-output>
          </reporter-output>
        </test-method> <!-- launchApp -->
        <test-method status="PASS" signature="Search_invalidSearch(java.util.Map)[pri:0, instance:Scripts.Scenario_Search@24a67]" name="Search_invalidSearch" duration-ms="823" started-at="2017-12-09T13:16:52Z" data-provider="dp" finished-at="2017-12-09T13:16:53Z">
          <params>
            <param index="0">
              <value>
                <![CDATA[{Order=1.0, search=slfdh, TC_ID=GB_08, Execute=y, Ascript=invalidSearch, expmsg=Sorry..'slfdh' does not match any product on Rediff Books.}]]>
              </value>
            </param>
          </params>
          <reporter-output>
          </reporter-output>
        </test-method> <!-- Search_invalidSearch -->
        <test-method status="PASS" signature="tearDown()[pri:0, instance:Scripts.Scenario_Search@24a67]" name="tearDown" is-config="true" duration-ms="846" started-at="2017-12-09T13:16:53Z" finished-at="2017-12-09T13:16:54Z">
          <reporter-output>
          </reporter-output>
        </test-method> <!-- tearDown -->
        <test-method status="PASS" signature="launchApp(java.lang.String)[pri:0, instance:Scripts.Scenario_Search@24a67]" name="launchApp" is-config="true" duration-ms="5246" started-at="2017-12-09T13:16:54Z" finished-at="2017-12-09T13:16:59Z">
          <params>
            <param index="0">
              <value>
                <![CDATA[ch]]>
              </value>
            </param>
          </params>
          <reporter-output>
          </reporter-output>
        </test-method> <!-- launchApp -->
        <test-method status="PASS" signature="Search_validSearch(java.util.Map)[pri:0, instance:Scripts.Scenario_Search@24a67]" name="Search_validSearch" duration-ms="1550" started-at="2017-12-09T13:16:59Z" data-provider="dp" finished-at="2017-12-09T13:17:00Z">
          <params>
            <param index="0">
              <value>
                <![CDATA[{Order=1.0, search=Jaico, TC_ID=GB_11, Execute=y, Ascript=validSearch, expmsg=1.0}]]>
              </value>
            </param>
          </params>
          <reporter-output>
          </reporter-output>
        </test-method> <!-- Search_validSearch -->
        <test-method status="PASS" signature="tearDown()[pri:0, instance:Scripts.Scenario_Search@24a67]" name="tearDown" is-config="true" duration-ms="865" started-at="2017-12-09T13:17:00Z" finished-at="2017-12-09T13:17:01Z">
          <reporter-output>
          </reporter-output>
        </test-method> <!-- tearDown -->
      </class> <!-- Scripts.Scenario_Search -->
      <class name="Scripts.Scenario_Login">
        <test-method status="PASS" signature="initializeReport()[pri:0, instance:Scripts.Scenario_Login@a12c19]" name="initializeReport" is-config="true" duration-ms="219" started-at="2017-12-09T13:16:09Z" finished-at="2017-12-09T13:16:09Z">
          <reporter-output>
          </reporter-output>
        </test-method> <!-- initializeReport -->
        <test-method status="PASS" signature="launchApp(java.lang.String)[pri:0, instance:Scripts.Scenario_Login@a12c19]" name="launchApp" is-config="true" duration-ms="8970" started-at="2017-12-09T13:16:10Z" finished-at="2017-12-09T13:16:19Z">
          <params>
            <param index="0">
              <value>
                <![CDATA[ch]]>
              </value>
            </param>
          </params>
          <reporter-output>
          </reporter-output>
        </test-method> <!-- launchApp -->
        <test-method status="PASS" signature="Login_invalidLogin(java.util.Map)[pri:0, instance:Scripts.Scenario_Login@a12c19]" name="Login_invalidLogin" duration-ms="3867" started-at="2017-12-09T13:16:19Z" data-provider="dp" finished-at="2017-12-09T13:16:22Z">
          <params>
            <param index="0">
              <value>
                <![CDATA[{Order=1.0, TC_ID=GB_01, Execute=y, uname=ksjdf, Ascript=invalidLogin, Env=qa, pwd=alsdl, exp_msg=Sorry we were unable to complete this step because :}]]>
              </value>
            </param>
          </params>
          <reporter-output>
          </reporter-output>
        </test-method> <!-- Login_invalidLogin -->
        <test-method status="PASS" signature="tearDown()[pri:0, instance:Scripts.Scenario_Login@a12c19]" name="tearDown" is-config="true" duration-ms="1296" started-at="2017-12-09T13:16:22Z" finished-at="2017-12-09T13:16:24Z">
          <reporter-output>
          </reporter-output>
        </test-method> <!-- tearDown -->
        <test-method status="PASS" signature="launchApp(java.lang.String)[pri:0, instance:Scripts.Scenario_Login@a12c19]" name="launchApp" is-config="true" duration-ms="6650" started-at="2017-12-09T13:16:24Z" finished-at="2017-12-09T13:16:30Z">
          <params>
            <param index="0">
              <value>
                <![CDATA[ch]]>
              </value>
            </param>
          </params>
          <reporter-output>
          </reporter-output>
        </test-method> <!-- launchApp -->
        <test-method status="PASS" signature="Login_invalidLogin(java.util.Map)[pri:0, instance:Scripts.Scenario_Login@a12c19]" name="Login_invalidLogin" duration-ms="4804" started-at="2017-12-09T13:16:30Z" data-provider="dp" finished-at="2017-12-09T13:16:35Z">
          <params>
            <param index="0">
              <value>
                <![CDATA[{Order=1.0, TC_ID=GB_06, Execute=y, uname=, Ascript=invalidLogin, Env=qa, pwd=, exp_msg=Sorry we were unable to complete this step because :}]]>
              </value>
            </param>
          </params>
          <reporter-output>
          </reporter-output>
        </test-method> <!-- Login_invalidLogin -->
        <test-method status="PASS" signature="tearDown()[pri:0, instance:Scripts.Scenario_Login@a12c19]" name="tearDown" is-config="true" duration-ms="830" started-at="2017-12-09T13:16:35Z" finished-at="2017-12-09T13:16:36Z">
          <reporter-output>
          </reporter-output>
        </test-method> <!-- tearDown -->
        <test-method status="PASS" signature="launchApp(java.lang.String)[pri:0, instance:Scripts.Scenario_Login@a12c19]" name="launchApp" is-config="true" duration-ms="5989" started-at="2017-12-09T13:16:36Z" finished-at="2017-12-09T13:16:42Z">
          <params>
            <param index="0">
              <value>
                <![CDATA[ch]]>
              </value>
            </param>
          </params>
          <reporter-output>
          </reporter-output>
        </test-method> <!-- launchApp -->
        <test-method status="PASS" signature="Login_validLogin(java.util.Map)[pri:0, instance:Scripts.Scenario_Login@a12c19]" name="Login_validLogin" duration-ms="3543" started-at="2017-12-09T13:16:42Z" data-provider="dp" finished-at="2017-12-09T13:16:46Z">
          <params>
            <param index="0">
              <value>
                <![CDATA[{Order=1.0, TC_ID=GB_07, Execute=y, uname=qtpworld2008@gmail.com, Ascript=validLogin, Env=qa, pwd=learn123, exp_msg=Hi qtpworld2008 g}]]>
              </value>
            </param>
          </params>
          <reporter-output>
          </reporter-output>
        </test-method> <!-- Login_validLogin -->
        <test-method status="PASS" signature="tearDown()[pri:0, instance:Scripts.Scenario_Login@a12c19]" name="tearDown" is-config="true" duration-ms="840" started-at="2017-12-09T13:16:46Z" finished-at="2017-12-09T13:16:46Z">
          <reporter-output>
          </reporter-output>
        </test-method> <!-- tearDown -->
      </class> <!-- Scripts.Scenario_Login -->
    </test> <!-- Test -->
  </suite> <!-- Suite -->
</testng-results>
